<?xml version="1.0" encoding="UTF-8"?>
<coverage generated="1535519566288" clover="3.2.0">
  <project timestamp="1535519566289" name="All files">
    <metrics statements="104" coveredstatements="94" conditionals="52" coveredconditionals="40" methods="32" coveredmethods="31" elements="188" coveredelements="165" complexity="0" loc="104" ncloc="104" packages="2" files="2" classes="2">
      <package name="lib">
        <metrics statements="102" coveredstatements="92" conditionals="52" coveredconditionals="40" methods="32" coveredmethods="31"/>
        <file name="index.js" path="C:\Users\YulissaLiliana\Documents\lim20181-Track-FE-markdown-list\lib\index.js">
          <metrics statements="102" coveredstatements="92" conditionals="52" coveredconditionals="40" methods="32" coveredmethods="31"/>
          <line num="1" count="1" type="stmt"/>
          <line num="2" count="1" type="stmt"/>
          <line num="3" count="1" type="stmt"/>
          <line num="4" count="1" type="stmt"/>
          <line num="5" count="1" type="stmt"/>
          <line num="7" count="1" type="stmt"/>
          <line num="8" count="20" type="stmt"/>
          <line num="9" count="20" type="stmt"/>
          <line num="10" count="20" type="stmt"/>
          <line num="11" count="0" type="stmt"/>
          <line num="16" count="1" type="stmt"/>
          <line num="17" count="20" type="stmt"/>
          <line num="18" count="20" type="stmt"/>
          <line num="19" count="20" type="stmt"/>
          <line num="20" count="20" type="stmt"/>
          <line num="21" count="20" type="stmt"/>
          <line num="23" count="0" type="stmt"/>
          <line num="27" count="1" type="stmt"/>
          <line num="28" count="20" type="stmt"/>
          <line num="29" count="20" type="cond" truecount="2" falsecount="0"/>
          <line num="30" count="20" type="stmt"/>
          <line num="31" count="20" type="cond" truecount="2" falsecount="0"/>
          <line num="32" count="15" type="stmt"/>
          <line num="34" count="5" type="stmt"/>
          <line num="36" count="0" type="stmt"/>
          <line num="41" count="1" type="stmt"/>
          <line num="42" count="2" type="stmt"/>
          <line num="43" count="20" type="stmt"/>
          <line num="44" count="20" type="cond" truecount="1" falsecount="1"/>
          <line num="45" count="20" type="stmt"/>
          <line num="47" count="0" type="stmt"/>
          <line num="50" count="2" type="stmt"/>
          <line num="54" count="5" type="stmt"/>
          <line num="55" count="5" type="cond" truecount="2" falsecount="2"/>
          <line num="58" count="1" type="stmt"/>
          <line num="59" count="2" type="stmt"/>
          <line num="60" count="2" type="stmt"/>
          <line num="61" count="2" type="stmt"/>
          <line num="62" count="2" type="stmt"/>
          <line num="63" count="2" type="stmt"/>
          <line num="65" count="0" type="stmt"/>
          <line num="69" count="1" type="stmt"/>
          <line num="70" count="20" type="stmt"/>
          <line num="73" count="1" type="stmt"/>
          <line num="74" count="20" type="stmt"/>
          <line num="78" count="1" type="stmt"/>
          <line num="79" count="2" type="stmt"/>
          <line num="80" count="2" type="stmt"/>
          <line num="81" count="2" type="stmt"/>
          <line num="82" count="2" type="stmt"/>
          <line num="83" count="2" type="stmt"/>
          <line num="85" count="0" type="stmt"/>
          <line num="90" count="1" type="stmt"/>
          <line num="91" count="5" type="stmt"/>
          <line num="92" count="5" type="stmt"/>
          <line num="93" count="5" type="stmt"/>
          <line num="94" count="5" type="cond" truecount="1" falsecount="1"/>
          <line num="95" count="5" type="stmt"/>
          <line num="96" count="5" type="stmt"/>
          <line num="97" count="5" type="stmt"/>
          <line num="98" count="5" type="stmt"/>
          <line num="100" count="0" type="stmt"/>
          <line num="101" count="0" type="stmt"/>
          <line num="104" count="0" type="stmt"/>
          <line num="109" count="35" type="stmt"/>
          <line num="112" count="5" type="stmt"/>
          <line num="113" count="5" type="cond" truecount="1" falsecount="1"/>
          <line num="118" count="20" type="stmt"/>
          <line num="119" count="20" type="cond" truecount="1" falsecount="1"/>
          <line num="124" count="20" type="cond" truecount="1" falsecount="1"/>
          <line num="128" count="5" type="cond" truecount="1" falsecount="1"/>
          <line num="133" count="1" type="stmt"/>
          <line num="134" count="50" type="cond" truecount="2" falsecount="0"/>
          <line num="135" count="50" type="cond" truecount="1" falsecount="1"/>
          <line num="136" count="50" type="stmt"/>
          <line num="137" count="50" type="cond" truecount="2" falsecount="0"/>
          <line num="138" count="50" type="stmt"/>
          <line num="139" count="50" type="stmt"/>
          <line num="140" count="50" type="stmt"/>
          <line num="145" count="50" type="cond" truecount="2" falsecount="0"/>
          <line num="147" count="50" type="stmt"/>
          <line num="151" count="1" type="stmt"/>
          <line num="152" count="1" type="stmt"/>
          <line num="153" count="1" type="stmt"/>
          <line num="154" count="1" type="stmt"/>
          <line num="155" count="10" type="stmt"/>
          <line num="156" count="1" type="stmt"/>
          <line num="157" count="1" type="stmt"/>
          <line num="159" count="0" type="stmt"/>
          <line num="164" count="1" type="stmt"/>
          <line num="165" count="4" type="cond" truecount="1" falsecount="1"/>
          <line num="166" count="4" type="stmt"/>
          <line num="167" count="4" type="cond" truecount="5" falsecount="0"/>
          <line num="168" count="1" type="stmt"/>
          <line num="169" count="3" type="cond" truecount="5" falsecount="0"/>
          <line num="170" count="1" type="stmt"/>
          <line num="171" count="2" type="cond" truecount="5" falsecount="0"/>
          <line num="172" count="1" type="stmt"/>
          <line num="173" count="1" type="cond" truecount="4" falsecount="1"/>
          <line num="174" count="1" type="stmt"/>
          <line num="176" count="4" type="stmt"/>
          <line num="179" count="1" type="stmt"/>
        </file>
      </package>
      <package name="test">
        <metrics statements="2" coveredstatements="2" conditionals="0" coveredconditionals="0" methods="0" coveredmethods="0"/>
        <file name="fixtures.js" path="C:\Users\YulissaLiliana\Documents\lim20181-Track-FE-markdown-list\test\fixtures.js">
          <metrics statements="2" coveredstatements="2" conditionals="0" coveredconditionals="0" methods="0" coveredmethods="0"/>
          <line num="2" count="1" type="stmt"/>
          <line num="232" count="1" type="stmt"/>
        </file>
      </package>
    </metrics>
  </project>
</coverage>
