{"C:\\Users\\YulissaLiliana\\Documents\\lim20181-Track-FE-markdown-list\\lib\\index.js": {"path":"C:\\Users\\YulissaLiliana\\Documents\\lim20181-Track-FE-markdown-list\\lib\\index.js","statementMap":{"0":{"start":{"line":1,"column":11},"end":{"line":1,"column":24}},"1":{"start":{"line":2,"column":15},"end":{"line":2,"column":32}},"2":{"start":{"line":3,"column":13},"end":{"line":3,"column":28}},"3":{"start":{"line":4,"column":12},"end":{"line":4,"column":31}},"4":{"start":{"line":5,"column":16},"end":{"line":5,"column":34}},"5":{"start":{"line":7,"column":22},"end":{"line":13,"column":1}},"6":{"start":{"line":8,"column":2},"end":{"line":12,"column":5}},"7":{"start":{"line":9,"column":4},"end":{"line":11,"column":49}},"8":{"start":{"line":10,"column":36},"end":{"line":10,"column":95}},"9":{"start":{"line":11,"column":28},"end":{"line":11,"column":47}},"10":{"start":{"line":16,"column":19},"end":{"line":25,"column":1}},"11":{"start":{"line":17,"column":2},"end":{"line":24,"column":3}},"12":{"start":{"line":18,"column":24},"end":{"line":18,"column":50}},"13":{"start":{"line":19,"column":30},"end":{"line":19,"column":68}},"14":{"start":{"line":20,"column":29},"end":{"line":20,"column":81}},"15":{"start":{"line":21,"column":4},"end":{"line":21,"column":28}},"16":{"start":{"line":23,"column":4},"end":{"line":23,"column":14}},"17":{"start":{"line":27,"column":18},"end":{"line":38,"column":1}},"18":{"start":{"line":28,"column":2},"end":{"line":37,"column":3}},"19":{"start":{"line":29,"column":4},"end":{"line":29,"column":36}},"20":{"start":{"line":30,"column":4},"end":{"line":30,"column":61}},"21":{"start":{"line":31,"column":4},"end":{"line":33,"column":5}},"22":{"start":{"line":32,"column":6},"end":{"line":32,"column":42}},"23":{"start":{"line":34,"column":4},"end":{"line":34,"column":23}},"24":{"start":{"line":36,"column":4},"end":{"line":36,"column":15}},"25":{"start":{"line":41,"column":23},"end":{"line":51,"column":1}},"26":{"start":{"line":42,"column":19},"end":{"line":49,"column":4}},"27":{"start":{"line":43,"column":4},"end":{"line":48,"column":5}},"28":{"start":{"line":44,"column":6},"end":{"line":44,"column":98}},"29":{"start":{"line":45,"column":6},"end":{"line":45,"column":24}},"30":{"start":{"line":47,"column":6},"end":{"line":47,"column":16}},"31":{"start":{"line":50,"column":2},"end":{"line":50,"column":18}},"32":{"start":{"line":54,"column":32},"end":{"line":55,"column":108}},"33":{"start":{"line":54,"column":43},"end":{"line":55,"column":108}},"34":{"start":{"line":55,"column":2},"end":{"line":55,"column":107}},"35":{"start":{"line":55,"column":33},"end":{"line":55,"column":106}},"36":{"start":{"line":58,"column":25},"end":{"line":67,"column":1}},"37":{"start":{"line":59,"column":2},"end":{"line":66,"column":3}},"38":{"start":{"line":60,"column":18},"end":{"line":60,"column":54}},"39":{"start":{"line":61,"column":32},"end":{"line":61,"column":59}},"40":{"start":{"line":62,"column":29},"end":{"line":62,"column":67}},"41":{"start":{"line":63,"column":4},"end":{"line":63,"column":28}},"42":{"start":{"line":65,"column":4},"end":{"line":65,"column":15}},"43":{"start":{"line":69,"column":26},"end":{"line":71,"column":1}},"44":{"start":{"line":70,"column":2},"end":{"line":70,"column":44}},"45":{"start":{"line":70,"column":30},"end":{"line":70,"column":42}},"46":{"start":{"line":73,"column":24},"end":{"line":75,"column":1}},"47":{"start":{"line":74,"column":2},"end":{"line":74,"column":79}},"48":{"start":{"line":74,"column":47},"end":{"line":74,"column":77}},"49":{"start":{"line":78,"column":23},"end":{"line":87,"column":1}},"50":{"start":{"line":79,"column":2},"end":{"line":86,"column":3}},"51":{"start":{"line":80,"column":25},"end":{"line":80,"column":61}},"52":{"start":{"line":81,"column":27},"end":{"line":81,"column":64}},"53":{"start":{"line":82,"column":24},"end":{"line":82,"column":55}},"54":{"start":{"line":83,"column":4},"end":{"line":83,"column":79}},"55":{"start":{"line":85,"column":4},"end":{"line":85,"column":15}},"56":{"start":{"line":90,"column":32},"end":{"line":106,"column":1}},"57":{"start":{"line":91,"column":2},"end":{"line":105,"column":3}},"58":{"start":{"line":92,"column":26},"end":{"line":92,"column":62}},"59":{"start":{"line":93,"column":20},"end":{"line":93,"column":64}},"60":{"start":{"line":94,"column":4},"end":{"line":102,"column":5}},"61":{"start":{"line":95,"column":20},"end":{"line":95,"column":58}},"62":{"start":{"line":96,"column":22},"end":{"line":96,"column":45}},"63":{"start":{"line":97,"column":23},"end":{"line":97,"column":47}},"64":{"start":{"line":98,"column":6},"end":{"line":98,"column":22}},"65":{"start":{"line":100,"column":24},"end":{"line":100,"column":55}},"66":{"start":{"line":101,"column":6},"end":{"line":101,"column":23}},"67":{"start":{"line":104,"column":4},"end":{"line":104,"column":14}},"68":{"start":{"line":109,"column":19},"end":{"line":109,"column":81}},"69":{"start":{"line":109,"column":31},"end":{"line":109,"column":81}},"70":{"start":{"line":109,"column":52},"end":{"line":109,"column":80}},"71":{"start":{"line":112,"column":26},"end":{"line":114,"column":2}},"72":{"start":{"line":112,"column":39},"end":{"line":114,"column":2}},"73":{"start":{"line":113,"column":2},"end":{"line":113,"column":77}},"74":{"start":{"line":113,"column":40},"end":{"line":113,"column":74}},"75":{"start":{"line":118,"column":23},"end":{"line":120,"column":2}},"76":{"start":{"line":118,"column":34},"end":{"line":120,"column":2}},"77":{"start":{"line":119,"column":2},"end":{"line":119,"column":79}},"78":{"start":{"line":119,"column":44},"end":{"line":119,"column":77}},"79":{"start":{"line":124,"column":28},"end":{"line":124,"column":82}},"80":{"start":{"line":124,"column":38},"end":{"line":124,"column":82}},"81":{"start":{"line":128,"column":32},"end":{"line":128,"column":105}},"82":{"start":{"line":128,"column":41},"end":{"line":128,"column":105}},"83":{"start":{"line":133,"column":30},"end":{"line":148,"column":1}},"84":{"start":{"line":134,"column":2},"end":{"line":134,"column":30}},"85":{"start":{"line":135,"column":2},"end":{"line":146,"column":3}},"86":{"start":{"line":136,"column":17},"end":{"line":136,"column":25}},"87":{"start":{"line":137,"column":24},"end":{"line":137,"column":53}},"88":{"start":{"line":138,"column":18},"end":{"line":138,"column":51}},"89":{"start":{"line":139,"column":17},"end":{"line":139,"column":63}},"90":{"start":{"line":140,"column":4},"end":{"line":144,"column":7}},"91":{"start":{"line":145,"column":4},"end":{"line":145,"column":71}},"92":{"start":{"line":145,"column":26},"end":{"line":145,"column":71}},"93":{"start":{"line":147,"column":2},"end":{"line":147,"column":19}},"94":{"start":{"line":151,"column":30},"end":{"line":161,"column":1}},"95":{"start":{"line":152,"column":2},"end":{"line":160,"column":3}},"96":{"start":{"line":153,"column":24},"end":{"line":153,"column":51}},"97":{"start":{"line":154,"column":28},"end":{"line":154,"column":57}},"98":{"start":{"line":155,"column":24},"end":{"line":155,"column":87}},"99":{"start":{"line":155,"column":60},"end":{"line":155,"column":86}},"100":{"start":{"line":156,"column":29},"end":{"line":156,"column":77}},"101":{"start":{"line":157,"column":4},"end":{"line":157,"column":28}},"102":{"start":{"line":159,"column":4},"end":{"line":159,"column":15}},"103":{"start":{"line":164,"column":16},"end":{"line":182,"column":1}},"104":{"start":{"line":165,"column":30},"end":{"line":165,"column":70}},"105":{"start":{"line":166,"column":15},"end":{"line":166,"column":17}},"106":{"start":{"line":167,"column":2},"end":{"line":180,"column":3}},"107":{"start":{"line":168,"column":4},"end":{"line":176,"column":5}},"108":{"start":{"line":169,"column":6},"end":{"line":169,"column":51}},"109":{"start":{"line":170,"column":11},"end":{"line":176,"column":5}},"110":{"start":{"line":171,"column":6},"end":{"line":171,"column":44}},"111":{"start":{"line":172,"column":11},"end":{"line":176,"column":5}},"112":{"start":{"line":173,"column":6},"end":{"line":173,"column":42}},"113":{"start":{"line":174,"column":11},"end":{"line":176,"column":5}},"114":{"start":{"line":175,"column":6},"end":{"line":175,"column":42}},"115":{"start":{"line":177,"column":4},"end":{"line":177,"column":18}},"116":{"start":{"line":179,"column":3},"end":{"line":179,"column":13}},"117":{"start":{"line":184,"column":0},"end":{"line":184,"column":25}}},"fnMap":{"0":{"name":"(anonymous_0)","decl":{"start":{"line":7,"column":22},"end":{"line":7,"column":23}},"loc":{"start":{"line":7,"column":32},"end":{"line":13,"column":1}},"line":7},"1":{"name":"(anonymous_1)","decl":{"start":{"line":8,"column":21},"end":{"line":8,"column":22}},"loc":{"start":{"line":8,"column":42},"end":{"line":12,"column":3}},"line":8},"2":{"name":"(anonymous_2)","decl":{"start":{"line":10,"column":22},"end":{"line":10,"column":23}},"loc":{"start":{"line":10,"column":36},"end":{"line":10,"column":95}},"line":10},"3":{"name":"(anonymous_3)","decl":{"start":{"line":11,"column":19},"end":{"line":11,"column":20}},"loc":{"start":{"line":11,"column":28},"end":{"line":11,"column":47}},"line":11},"4":{"name":"(anonymous_4)","decl":{"start":{"line":16,"column":19},"end":{"line":16,"column":20}},"loc":{"start":{"line":16,"column":35},"end":{"line":25,"column":1}},"line":16},"5":{"name":"(anonymous_5)","decl":{"start":{"line":27,"column":18},"end":{"line":27,"column":19}},"loc":{"start":{"line":27,"column":58},"end":{"line":38,"column":1}},"line":27},"6":{"name":"(anonymous_6)","decl":{"start":{"line":41,"column":23},"end":{"line":41,"column":24}},"loc":{"start":{"line":41,"column":39},"end":{"line":51,"column":1}},"line":41},"7":{"name":"(anonymous_7)","decl":{"start":{"line":42,"column":34},"end":{"line":42,"column":35}},"loc":{"start":{"line":42,"column":56},"end":{"line":49,"column":3}},"line":42},"8":{"name":"(anonymous_8)","decl":{"start":{"line":54,"column":32},"end":{"line":54,"column":33}},"loc":{"start":{"line":54,"column":43},"end":{"line":55,"column":108}},"line":54},"9":{"name":"(anonymous_9)","decl":{"start":{"line":54,"column":55},"end":{"line":54,"column":56}},"loc":{"start":{"line":55,"column":2},"end":{"line":55,"column":107}},"line":55},"10":{"name":"(anonymous_10)","decl":{"start":{"line":55,"column":17},"end":{"line":55,"column":18}},"loc":{"start":{"line":55,"column":33},"end":{"line":55,"column":106}},"line":55},"11":{"name":"(anonymous_11)","decl":{"start":{"line":58,"column":25},"end":{"line":58,"column":26}},"loc":{"start":{"line":58,"column":42},"end":{"line":67,"column":1}},"line":58},"12":{"name":"(anonymous_12)","decl":{"start":{"line":69,"column":26},"end":{"line":69,"column":27}},"loc":{"start":{"line":69,"column":37},"end":{"line":71,"column":1}},"line":69},"13":{"name":"(anonymous_13)","decl":{"start":{"line":70,"column":19},"end":{"line":70,"column":20}},"loc":{"start":{"line":70,"column":30},"end":{"line":70,"column":42}},"line":70},"14":{"name":"(anonymous_14)","decl":{"start":{"line":73,"column":24},"end":{"line":73,"column":25}},"loc":{"start":{"line":73,"column":35},"end":{"line":75,"column":1}},"line":73},"15":{"name":"(anonymous_15)","decl":{"start":{"line":74,"column":22},"end":{"line":74,"column":23}},"loc":{"start":{"line":74,"column":47},"end":{"line":74,"column":77}},"line":74},"16":{"name":"(anonymous_16)","decl":{"start":{"line":78,"column":23},"end":{"line":78,"column":24}},"loc":{"start":{"line":78,"column":40},"end":{"line":87,"column":1}},"line":78},"17":{"name":"(anonymous_17)","decl":{"start":{"line":90,"column":32},"end":{"line":90,"column":33}},"loc":{"start":{"line":90,"column":49},"end":{"line":106,"column":1}},"line":90},"18":{"name":"(anonymous_18)","decl":{"start":{"line":109,"column":19},"end":{"line":109,"column":20}},"loc":{"start":{"line":109,"column":31},"end":{"line":109,"column":81}},"line":109},"19":{"name":"(anonymous_19)","decl":{"start":{"line":109,"column":44},"end":{"line":109,"column":45}},"loc":{"start":{"line":109,"column":52},"end":{"line":109,"column":80}},"line":109},"20":{"name":"(anonymous_20)","decl":{"start":{"line":112,"column":26},"end":{"line":112,"column":27}},"loc":{"start":{"line":112,"column":39},"end":{"line":114,"column":2}},"line":112},"21":{"name":"(anonymous_21)","decl":{"start":{"line":112,"column":51},"end":{"line":112,"column":52}},"loc":{"start":{"line":112,"column":72},"end":{"line":114,"column":1}},"line":112},"22":{"name":"(anonymous_22)","decl":{"start":{"line":113,"column":23},"end":{"line":113,"column":24}},"loc":{"start":{"line":113,"column":40},"end":{"line":113,"column":74}},"line":113},"23":{"name":"(anonymous_23)","decl":{"start":{"line":118,"column":23},"end":{"line":118,"column":24}},"loc":{"start":{"line":118,"column":34},"end":{"line":120,"column":2}},"line":118},"24":{"name":"(anonymous_24)","decl":{"start":{"line":118,"column":46},"end":{"line":118,"column":47}},"loc":{"start":{"line":118,"column":67},"end":{"line":120,"column":1}},"line":118},"25":{"name":"(anonymous_25)","decl":{"start":{"line":119,"column":29},"end":{"line":119,"column":30}},"loc":{"start":{"line":119,"column":44},"end":{"line":119,"column":77}},"line":119},"26":{"name":"(anonymous_26)","decl":{"start":{"line":124,"column":28},"end":{"line":124,"column":29}},"loc":{"start":{"line":124,"column":38},"end":{"line":124,"column":82}},"line":124},"27":{"name":"(anonymous_27)","decl":{"start":{"line":128,"column":32},"end":{"line":128,"column":33}},"loc":{"start":{"line":128,"column":41},"end":{"line":128,"column":105}},"line":128},"28":{"name":"(anonymous_28)","decl":{"start":{"line":133,"column":30},"end":{"line":133,"column":31}},"loc":{"start":{"line":133,"column":58},"end":{"line":148,"column":1}},"line":133},"29":{"name":"(anonymous_29)","decl":{"start":{"line":151,"column":30},"end":{"line":151,"column":31}},"loc":{"start":{"line":151,"column":47},"end":{"line":161,"column":1}},"line":151},"30":{"name":"(anonymous_30)","decl":{"start":{"line":155,"column":47},"end":{"line":155,"column":48}},"loc":{"start":{"line":155,"column":60},"end":{"line":155,"column":86}},"line":155},"31":{"name":"(anonymous_31)","decl":{"start":{"line":164,"column":16},"end":{"line":164,"column":17}},"loc":{"start":{"line":164,"column":41},"end":{"line":182,"column":1}},"line":164}},"branchMap":{"0":{"loc":{"start":{"line":29,"column":18},"end":{"line":29,"column":35}},"type":"binary-expr","locations":[{"start":{"line":29,"column":18},"end":{"line":29,"column":29}},{"start":{"line":29,"column":33},"end":{"line":29,"column":35}}],"line":29},"1":{"loc":{"start":{"line":31,"column":4},"end":{"line":33,"column":5}},"type":"if","locations":[{"start":{"line":31,"column":4},"end":{"line":33,"column":5}},{"start":{"line":31,"column":4},"end":{"line":33,"column":5}}],"line":31},"2":{"loc":{"start":{"line":44,"column":25},"end":{"line":44,"column":97}},"type":"cond-expr","locations":[{"start":{"line":44,"column":43},"end":{"line":44,"column":79}},{"start":{"line":44,"column":82},"end":{"line":44,"column":97}}],"line":44},"3":{"loc":{"start":{"line":55,"column":33},"end":{"line":55,"column":106}},"type":"cond-expr","locations":[{"start":{"line":55,"column":41},"end":{"line":55,"column":52}},{"start":{"line":55,"column":55},"end":{"line":55,"column":106}}],"line":55},"4":{"loc":{"start":{"line":55,"column":63},"end":{"line":55,"column":105}},"type":"cond-expr","locations":[{"start":{"line":55,"column":85},"end":{"line":55,"column":96}},{"start":{"line":55,"column":99},"end":{"line":55,"column":105}}],"line":55},"5":{"loc":{"start":{"line":94,"column":4},"end":{"line":102,"column":5}},"type":"if","locations":[{"start":{"line":94,"column":4},"end":{"line":102,"column":5}},{"start":{"line":94,"column":4},"end":{"line":102,"column":5}}],"line":94},"6":{"loc":{"start":{"line":113,"column":40},"end":{"line":113,"column":74}},"type":"cond-expr","locations":[{"start":{"line":113,"column":46},"end":{"line":113,"column":57}},{"start":{"line":113,"column":60},"end":{"line":113,"column":74}}],"line":113},"7":{"loc":{"start":{"line":119,"column":44},"end":{"line":119,"column":77}},"type":"cond-expr","locations":[{"start":{"line":119,"column":50},"end":{"line":119,"column":61}},{"start":{"line":119,"column":64},"end":{"line":119,"column":77}}],"line":119},"8":{"loc":{"start":{"line":124,"column":38},"end":{"line":124,"column":82}},"type":"binary-expr","locations":[{"start":{"line":124,"column":38},"end":{"line":124,"column":76}},{"start":{"line":124,"column":80},"end":{"line":124,"column":82}}],"line":124},"9":{"loc":{"start":{"line":128,"column":41},"end":{"line":128,"column":105}},"type":"cond-expr","locations":[{"start":{"line":128,"column":66},"end":{"line":128,"column":71}},{"start":{"line":128,"column":74},"end":{"line":128,"column":105}}],"line":128},"10":{"loc":{"start":{"line":134,"column":14},"end":{"line":134,"column":29}},"type":"binary-expr","locations":[{"start":{"line":134,"column":14},"end":{"line":134,"column":23}},{"start":{"line":134,"column":27},"end":{"line":134,"column":29}}],"line":134},"11":{"loc":{"start":{"line":135,"column":2},"end":{"line":146,"column":3}},"type":"if","locations":[{"start":{"line":135,"column":2},"end":{"line":146,"column":3}},{"start":{"line":135,"column":2},"end":{"line":146,"column":3}}],"line":135},"12":{"loc":{"start":{"line":137,"column":24},"end":{"line":137,"column":53}},"type":"cond-expr","locations":[{"start":{"line":137,"column":43},"end":{"line":137,"column":48}},{"start":{"line":137,"column":51},"end":{"line":137,"column":53}}],"line":137},"13":{"loc":{"start":{"line":142,"column":12},"end":{"line":142,"column":34}},"type":"cond-expr","locations":[{"start":{"line":142,"column":19},"end":{"line":142,"column":29}},{"start":{"line":142,"column":32},"end":{"line":142,"column":34}}],"line":142},"14":{"loc":{"start":{"line":145,"column":4},"end":{"line":145,"column":71}},"type":"if","locations":[{"start":{"line":145,"column":4},"end":{"line":145,"column":71}},{"start":{"line":145,"column":4},"end":{"line":145,"column":71}}],"line":145},"15":{"loc":{"start":{"line":165,"column":30},"end":{"line":165,"column":70}},"type":"binary-expr","locations":[{"start":{"line":165,"column":30},"end":{"line":165,"column":37}},{"start":{"line":165,"column":40},"end":{"line":165,"column":70}}],"line":165},"16":{"loc":{"start":{"line":168,"column":4},"end":{"line":176,"column":5}},"type":"if","locations":[{"start":{"line":168,"column":4},"end":{"line":176,"column":5}},{"start":{"line":168,"column":4},"end":{"line":176,"column":5}}],"line":168},"17":{"loc":{"start":{"line":168,"column":8},"end":{"line":168,"column":35}},"type":"binary-expr","locations":[{"start":{"line":168,"column":8},"end":{"line":168,"column":12}},{"start":{"line":168,"column":16},"end":{"line":168,"column":25}},{"start":{"line":168,"column":29},"end":{"line":168,"column":35}}],"line":168},"18":{"loc":{"start":{"line":170,"column":11},"end":{"line":176,"column":5}},"type":"if","locations":[{"start":{"line":170,"column":11},"end":{"line":176,"column":5}},{"start":{"line":170,"column":11},"end":{"line":176,"column":5}}],"line":170},"19":{"loc":{"start":{"line":170,"column":15},"end":{"line":170,"column":41}},"type":"binary-expr","locations":[{"start":{"line":170,"column":15},"end":{"line":170,"column":19}},{"start":{"line":170,"column":23},"end":{"line":170,"column":31}},{"start":{"line":170,"column":35},"end":{"line":170,"column":41}}],"line":170},"20":{"loc":{"start":{"line":172,"column":11},"end":{"line":176,"column":5}},"type":"if","locations":[{"start":{"line":172,"column":11},"end":{"line":176,"column":5}},{"start":{"line":172,"column":11},"end":{"line":176,"column":5}}],"line":172},"21":{"loc":{"start":{"line":172,"column":15},"end":{"line":172,"column":41}},"type":"binary-expr","locations":[{"start":{"line":172,"column":15},"end":{"line":172,"column":19}},{"start":{"line":172,"column":23},"end":{"line":172,"column":32}},{"start":{"line":172,"column":36},"end":{"line":172,"column":41}}],"line":172},"22":{"loc":{"start":{"line":174,"column":11},"end":{"line":176,"column":5}},"type":"if","locations":[{"start":{"line":174,"column":11},"end":{"line":176,"column":5}},{"start":{"line":174,"column":11},"end":{"line":176,"column":5}}],"line":174},"23":{"loc":{"start":{"line":174,"column":15},"end":{"line":174,"column":40}},"type":"binary-expr","locations":[{"start":{"line":174,"column":15},"end":{"line":174,"column":19}},{"start":{"line":174,"column":23},"end":{"line":174,"column":31}},{"start":{"line":174,"column":35},"end":{"line":174,"column":40}}],"line":174}},"s":{"0":1,"1":1,"2":1,"3":1,"4":1,"5":1,"6":0,"7":0,"8":0,"9":0,"10":1,"11":0,"12":0,"13":0,"14":0,"15":0,"16":0,"17":1,"18":0,"19":0,"20":0,"21":0,"22":0,"23":0,"24":0,"25":1,"26":0,"27":0,"28":0,"29":0,"30":0,"31":0,"32":1,"33":5,"34":5,"35":5,"36":1,"37":2,"38":2,"39":0,"40":0,"41":0,"42":2,"43":1,"44":0,"45":0,"46":1,"47":0,"48":0,"49":1,"50":2,"51":2,"52":0,"53":0,"54":0,"55":2,"56":1,"57":5,"58":5,"59":5,"60":0,"61":0,"62":0,"63":0,"64":0,"65":0,"66":0,"67":5,"68":1,"69":0,"70":0,"71":1,"72":0,"73":0,"74":0,"75":1,"76":0,"77":0,"78":0,"79":1,"80":0,"81":1,"82":5,"83":1,"84":0,"85":0,"86":0,"87":0,"88":0,"89":0,"90":0,"91":0,"92":0,"93":0,"94":1,"95":1,"96":1,"97":1,"98":1,"99":0,"100":0,"101":0,"102":1,"103":1,"104":4,"105":4,"106":4,"107":4,"108":1,"109":3,"110":1,"111":2,"112":1,"113":1,"114":1,"115":3,"116":1,"117":1},"f":{"0":0,"1":0,"2":0,"3":0,"4":0,"5":0,"6":0,"7":0,"8":5,"9":5,"10":5,"11":2,"12":0,"13":0,"14":0,"15":0,"16":2,"17":5,"18":0,"19":0,"20":0,"21":0,"22":0,"23":0,"24":0,"25":0,"26":0,"27":5,"28":0,"29":1,"30":0,"31":4},"b":{"0":[0,0],"1":[0,0],"2":[0,0],"3":[5,0],"4":[0,0],"5":[0,0],"6":[0,0],"7":[0,0],"8":[0,0],"9":[5,0],"10":[0,0],"11":[0,0],"12":[0,0],"13":[0,0],"14":[0,0],"15":[4,0],"16":[1,3],"17":[4,4,2],"18":[1,2],"19":[3,3,2],"20":[1,1],"21":[2,2,1],"22":[1,0],"23":[1,1,1]},"_coverageSchema":"332fd63041d2c1bcb487cc26dd0d5f7d97098a6c","hash":"a25a803e91223ffa5a8b07da12abf24a17be6836"}
}
