{"C:\\Users\\YulissaLiliana\\Documents\\lim20181-Track-FE-markdown-list\\lib\\index.js": {"path":"C:\\Users\\YulissaLiliana\\Documents\\lim20181-Track-FE-markdown-list\\lib\\index.js","statementMap":{"0":{"start":{"line":1,"column":11},"end":{"line":1,"column":24}},"1":{"start":{"line":2,"column":15},"end":{"line":2,"column":32}},"2":{"start":{"line":3,"column":13},"end":{"line":3,"column":28}},"3":{"start":{"line":4,"column":12},"end":{"line":4,"column":31}},"4":{"start":{"line":5,"column":16},"end":{"line":5,"column":34}},"5":{"start":{"line":8,"column":22},"end":{"line":10,"column":49}},"6":{"start":{"line":8,"column":30},"end":{"line":10,"column":49}},"7":{"start":{"line":8,"column":63},"end":{"line":10,"column":48}},"8":{"start":{"line":9,"column":30},"end":{"line":9,"column":89}},"9":{"start":{"line":10,"column":21},"end":{"line":10,"column":40}},"10":{"start":{"line":13,"column":23},"end":{"line":17,"column":4}},"11":{"start":{"line":14,"column":2},"end":{"line":17,"column":4}},"12":{"start":{"line":15,"column":4},"end":{"line":15,"column":97}},"13":{"start":{"line":16,"column":4},"end":{"line":16,"column":22}},"14":{"start":{"line":20,"column":32},"end":{"line":20,"column":105}},"15":{"start":{"line":20,"column":41},"end":{"line":20,"column":105}},"16":{"start":{"line":23,"column":32},"end":{"line":24,"column":108}},"17":{"start":{"line":23,"column":41},"end":{"line":24,"column":108}},"18":{"start":{"line":24,"column":4},"end":{"line":24,"column":107}},"19":{"start":{"line":24,"column":35},"end":{"line":24,"column":106}},"20":{"start":{"line":27,"column":26},"end":{"line":27,"column":69}},"21":{"start":{"line":27,"column":35},"end":{"line":27,"column":69}},"22":{"start":{"line":27,"column":56},"end":{"line":27,"column":68}},"23":{"start":{"line":30,"column":24},"end":{"line":30,"column":102}},"24":{"start":{"line":30,"column":33},"end":{"line":30,"column":102}},"25":{"start":{"line":30,"column":71},"end":{"line":30,"column":101}},"26":{"start":{"line":33,"column":26},"end":{"line":34,"column":75}},"27":{"start":{"line":33,"column":39},"end":{"line":34,"column":75}},"28":{"start":{"line":34,"column":2},"end":{"line":34,"column":74}},"29":{"start":{"line":34,"column":39},"end":{"line":34,"column":73}},"30":{"start":{"line":37,"column":19},"end":{"line":37,"column":79}},"31":{"start":{"line":37,"column":29},"end":{"line":37,"column":79}},"32":{"start":{"line":37,"column":50},"end":{"line":37,"column":78}},"33":{"start":{"line":40,"column":23},"end":{"line":41,"column":79}},"34":{"start":{"line":40,"column":32},"end":{"line":41,"column":79}},"35":{"start":{"line":41,"column":2},"end":{"line":41,"column":78}},"36":{"start":{"line":41,"column":44},"end":{"line":41,"column":77}},"37":{"start":{"line":44,"column":28},"end":{"line":44,"column":80}},"38":{"start":{"line":44,"column":36},"end":{"line":44,"column":80}},"39":{"start":{"line":47,"column":30},"end":{"line":62,"column":1}},"40":{"start":{"line":48,"column":2},"end":{"line":48,"column":30}},"41":{"start":{"line":49,"column":2},"end":{"line":60,"column":3}},"42":{"start":{"line":50,"column":17},"end":{"line":50,"column":25}},"43":{"start":{"line":51,"column":24},"end":{"line":51,"column":53}},"44":{"start":{"line":52,"column":18},"end":{"line":52,"column":51}},"45":{"start":{"line":53,"column":17},"end":{"line":53,"column":63}},"46":{"start":{"line":54,"column":4},"end":{"line":58,"column":7}},"47":{"start":{"line":59,"column":4},"end":{"line":59,"column":71}},"48":{"start":{"line":59,"column":26},"end":{"line":59,"column":71}},"49":{"start":{"line":61,"column":2},"end":{"line":61,"column":19}},"50":{"start":{"line":65,"column":19},"end":{"line":70,"column":1}},"51":{"start":{"line":66,"column":22},"end":{"line":66,"column":48}},"52":{"start":{"line":67,"column":28},"end":{"line":67,"column":66}},"53":{"start":{"line":68,"column":27},"end":{"line":68,"column":79}},"54":{"start":{"line":69,"column":2},"end":{"line":69,"column":26}},"55":{"start":{"line":73,"column":18},"end":{"line":78,"column":1}},"56":{"start":{"line":74,"column":2},"end":{"line":74,"column":34}},"57":{"start":{"line":75,"column":2},"end":{"line":75,"column":59}},"58":{"start":{"line":76,"column":2},"end":{"line":76,"column":61}},"59":{"start":{"line":76,"column":25},"end":{"line":76,"column":61}},"60":{"start":{"line":77,"column":2},"end":{"line":77,"column":21}},"61":{"start":{"line":81,"column":32},"end":{"line":93,"column":1}},"62":{"start":{"line":82,"column":24},"end":{"line":82,"column":60}},"63":{"start":{"line":83,"column":18},"end":{"line":83,"column":62}},"64":{"start":{"line":84,"column":2},"end":{"line":92,"column":3}},"65":{"start":{"line":85,"column":18},"end":{"line":85,"column":56}},"66":{"start":{"line":86,"column":20},"end":{"line":86,"column":43}},"67":{"start":{"line":87,"column":21},"end":{"line":87,"column":45}},"68":{"start":{"line":88,"column":4},"end":{"line":88,"column":20}},"69":{"start":{"line":90,"column":22},"end":{"line":90,"column":53}},"70":{"start":{"line":91,"column":4},"end":{"line":91,"column":21}},"71":{"start":{"line":96,"column":23},"end":{"line":101,"column":1}},"72":{"start":{"line":97,"column":23},"end":{"line":97,"column":59}},"73":{"start":{"line":98,"column":25},"end":{"line":98,"column":62}},"74":{"start":{"line":99,"column":22},"end":{"line":99,"column":53}},"75":{"start":{"line":100,"column":2},"end":{"line":100,"column":70}},"76":{"start":{"line":104,"column":25},"end":{"line":109,"column":1}},"77":{"start":{"line":105,"column":16},"end":{"line":105,"column":52}},"78":{"start":{"line":106,"column":30},"end":{"line":106,"column":57}},"79":{"start":{"line":107,"column":27},"end":{"line":107,"column":65}},"80":{"start":{"line":108,"column":2},"end":{"line":108,"column":26}},"81":{"start":{"line":112,"column":30},"end":{"line":119,"column":1}},"82":{"start":{"line":113,"column":22},"end":{"line":113,"column":49}},"83":{"start":{"line":114,"column":26},"end":{"line":114,"column":55}},"84":{"start":{"line":115,"column":22},"end":{"line":115,"column":93}},"85":{"start":{"line":115,"column":58},"end":{"line":115,"column":92}},"86":{"start":{"line":116,"column":27},"end":{"line":116,"column":117}},"87":{"start":{"line":117,"column":2},"end":{"line":117,"column":26}},"88":{"start":{"line":122,"column":16},"end":{"line":134,"column":1}},"89":{"start":{"line":123,"column":30},"end":{"line":123,"column":70}},"90":{"start":{"line":124,"column":15},"end":{"line":124,"column":17}},"91":{"start":{"line":125,"column":2},"end":{"line":133,"column":3}},"92":{"start":{"line":126,"column":4},"end":{"line":129,"column":77}},"93":{"start":{"line":126,"column":37},"end":{"line":126,"column":82}},"94":{"start":{"line":127,"column":9},"end":{"line":129,"column":77}},"95":{"start":{"line":127,"column":41},"end":{"line":127,"column":79}},"96":{"start":{"line":128,"column":9},"end":{"line":129,"column":77}},"97":{"start":{"line":128,"column":41},"end":{"line":128,"column":77}},"98":{"start":{"line":129,"column":9},"end":{"line":129,"column":77}},"99":{"start":{"line":129,"column":40},"end":{"line":129,"column":77}},"100":{"start":{"line":130,"column":4},"end":{"line":130,"column":18}},"101":{"start":{"line":132,"column":2},"end":{"line":132,"column":13}},"102":{"start":{"line":136,"column":0},"end":{"line":136,"column":25}}},"fnMap":{"0":{"name":"(anonymous_0)","decl":{"start":{"line":8,"column":22},"end":{"line":8,"column":23}},"loc":{"start":{"line":8,"column":30},"end":{"line":10,"column":49}},"line":8},"1":{"name":"(anonymous_1)","decl":{"start":{"line":8,"column":42},"end":{"line":8,"column":43}},"loc":{"start":{"line":8,"column":63},"end":{"line":10,"column":48}},"line":8},"2":{"name":"(anonymous_2)","decl":{"start":{"line":9,"column":18},"end":{"line":9,"column":19}},"loc":{"start":{"line":9,"column":30},"end":{"line":9,"column":89}},"line":9},"3":{"name":"(anonymous_3)","decl":{"start":{"line":10,"column":15},"end":{"line":10,"column":16}},"loc":{"start":{"line":10,"column":21},"end":{"line":10,"column":40}},"line":10},"4":{"name":"(anonymous_4)","decl":{"start":{"line":13,"column":23},"end":{"line":13,"column":24}},"loc":{"start":{"line":14,"column":2},"end":{"line":17,"column":4}},"line":14},"5":{"name":"(anonymous_5)","decl":{"start":{"line":14,"column":17},"end":{"line":14,"column":18}},"loc":{"start":{"line":14,"column":39},"end":{"line":17,"column":3}},"line":14},"6":{"name":"(anonymous_6)","decl":{"start":{"line":20,"column":32},"end":{"line":20,"column":33}},"loc":{"start":{"line":20,"column":41},"end":{"line":20,"column":105}},"line":20},"7":{"name":"(anonymous_7)","decl":{"start":{"line":23,"column":32},"end":{"line":23,"column":33}},"loc":{"start":{"line":23,"column":41},"end":{"line":24,"column":108}},"line":23},"8":{"name":"(anonymous_8)","decl":{"start":{"line":23,"column":53},"end":{"line":23,"column":54}},"loc":{"start":{"line":24,"column":4},"end":{"line":24,"column":107}},"line":24},"9":{"name":"(anonymous_9)","decl":{"start":{"line":24,"column":19},"end":{"line":24,"column":20}},"loc":{"start":{"line":24,"column":35},"end":{"line":24,"column":106}},"line":24},"10":{"name":"(anonymous_10)","decl":{"start":{"line":27,"column":26},"end":{"line":27,"column":27}},"loc":{"start":{"line":27,"column":35},"end":{"line":27,"column":69}},"line":27},"11":{"name":"(anonymous_11)","decl":{"start":{"line":27,"column":45},"end":{"line":27,"column":46}},"loc":{"start":{"line":27,"column":56},"end":{"line":27,"column":68}},"line":27},"12":{"name":"(anonymous_12)","decl":{"start":{"line":30,"column":24},"end":{"line":30,"column":25}},"loc":{"start":{"line":30,"column":33},"end":{"line":30,"column":102}},"line":30},"13":{"name":"(anonymous_13)","decl":{"start":{"line":30,"column":46},"end":{"line":30,"column":47}},"loc":{"start":{"line":30,"column":71},"end":{"line":30,"column":101}},"line":30},"14":{"name":"(anonymous_14)","decl":{"start":{"line":33,"column":26},"end":{"line":33,"column":27}},"loc":{"start":{"line":33,"column":39},"end":{"line":34,"column":75}},"line":33},"15":{"name":"(anonymous_15)","decl":{"start":{"line":33,"column":51},"end":{"line":33,"column":52}},"loc":{"start":{"line":34,"column":2},"end":{"line":34,"column":74}},"line":34},"16":{"name":"(anonymous_16)","decl":{"start":{"line":34,"column":23},"end":{"line":34,"column":24}},"loc":{"start":{"line":34,"column":39},"end":{"line":34,"column":73}},"line":34},"17":{"name":"(anonymous_17)","decl":{"start":{"line":37,"column":19},"end":{"line":37,"column":20}},"loc":{"start":{"line":37,"column":29},"end":{"line":37,"column":79}},"line":37},"18":{"name":"(anonymous_18)","decl":{"start":{"line":37,"column":42},"end":{"line":37,"column":43}},"loc":{"start":{"line":37,"column":50},"end":{"line":37,"column":78}},"line":37},"19":{"name":"(anonymous_19)","decl":{"start":{"line":40,"column":23},"end":{"line":40,"column":24}},"loc":{"start":{"line":40,"column":32},"end":{"line":41,"column":79}},"line":40},"20":{"name":"(anonymous_20)","decl":{"start":{"line":40,"column":44},"end":{"line":40,"column":45}},"loc":{"start":{"line":41,"column":2},"end":{"line":41,"column":78}},"line":41},"21":{"name":"(anonymous_21)","decl":{"start":{"line":41,"column":29},"end":{"line":41,"column":30}},"loc":{"start":{"line":41,"column":44},"end":{"line":41,"column":77}},"line":41},"22":{"name":"(anonymous_22)","decl":{"start":{"line":44,"column":28},"end":{"line":44,"column":29}},"loc":{"start":{"line":44,"column":36},"end":{"line":44,"column":80}},"line":44},"23":{"name":"(anonymous_23)","decl":{"start":{"line":47,"column":30},"end":{"line":47,"column":31}},"loc":{"start":{"line":47,"column":58},"end":{"line":62,"column":1}},"line":47},"24":{"name":"(anonymous_24)","decl":{"start":{"line":65,"column":19},"end":{"line":65,"column":20}},"loc":{"start":{"line":65,"column":35},"end":{"line":70,"column":1}},"line":65},"25":{"name":"(anonymous_25)","decl":{"start":{"line":73,"column":18},"end":{"line":73,"column":19}},"loc":{"start":{"line":73,"column":58},"end":{"line":78,"column":1}},"line":73},"26":{"name":"(anonymous_26)","decl":{"start":{"line":81,"column":32},"end":{"line":81,"column":33}},"loc":{"start":{"line":81,"column":49},"end":{"line":93,"column":1}},"line":81},"27":{"name":"(anonymous_27)","decl":{"start":{"line":96,"column":23},"end":{"line":96,"column":24}},"loc":{"start":{"line":96,"column":40},"end":{"line":101,"column":1}},"line":96},"28":{"name":"(anonymous_28)","decl":{"start":{"line":104,"column":25},"end":{"line":104,"column":26}},"loc":{"start":{"line":104,"column":42},"end":{"line":109,"column":1}},"line":104},"29":{"name":"(anonymous_29)","decl":{"start":{"line":112,"column":30},"end":{"line":112,"column":31}},"loc":{"start":{"line":112,"column":47},"end":{"line":119,"column":1}},"line":112},"30":{"name":"(anonymous_30)","decl":{"start":{"line":115,"column":45},"end":{"line":115,"column":46}},"loc":{"start":{"line":115,"column":58},"end":{"line":115,"column":92}},"line":115},"31":{"name":"(anonymous_31)","decl":{"start":{"line":122,"column":16},"end":{"line":122,"column":17}},"loc":{"start":{"line":122,"column":41},"end":{"line":134,"column":1}},"line":122}},"branchMap":{"0":{"loc":{"start":{"line":15,"column":24},"end":{"line":15,"column":97}},"type":"cond-expr","locations":[{"start":{"line":15,"column":42},"end":{"line":15,"column":78}},{"start":{"line":15,"column":81},"end":{"line":15,"column":97}}],"line":15},"1":{"loc":{"start":{"line":20,"column":41},"end":{"line":20,"column":105}},"type":"cond-expr","locations":[{"start":{"line":20,"column":66},"end":{"line":20,"column":71}},{"start":{"line":20,"column":74},"end":{"line":20,"column":105}}],"line":20},"2":{"loc":{"start":{"line":24,"column":35},"end":{"line":24,"column":106}},"type":"cond-expr","locations":[{"start":{"line":24,"column":41},"end":{"line":24,"column":52}},{"start":{"line":24,"column":55},"end":{"line":24,"column":106}}],"line":24},"3":{"loc":{"start":{"line":24,"column":63},"end":{"line":24,"column":105}},"type":"cond-expr","locations":[{"start":{"line":24,"column":85},"end":{"line":24,"column":96}},{"start":{"line":24,"column":99},"end":{"line":24,"column":105}}],"line":24},"4":{"loc":{"start":{"line":34,"column":39},"end":{"line":34,"column":73}},"type":"cond-expr","locations":[{"start":{"line":34,"column":45},"end":{"line":34,"column":56}},{"start":{"line":34,"column":59},"end":{"line":34,"column":73}}],"line":34},"5":{"loc":{"start":{"line":41,"column":44},"end":{"line":41,"column":77}},"type":"cond-expr","locations":[{"start":{"line":41,"column":50},"end":{"line":41,"column":61}},{"start":{"line":41,"column":64},"end":{"line":41,"column":77}}],"line":41},"6":{"loc":{"start":{"line":44,"column":36},"end":{"line":44,"column":80}},"type":"binary-expr","locations":[{"start":{"line":44,"column":36},"end":{"line":44,"column":74}},{"start":{"line":44,"column":78},"end":{"line":44,"column":80}}],"line":44},"7":{"loc":{"start":{"line":48,"column":14},"end":{"line":48,"column":29}},"type":"binary-expr","locations":[{"start":{"line":48,"column":14},"end":{"line":48,"column":23}},{"start":{"line":48,"column":27},"end":{"line":48,"column":29}}],"line":48},"8":{"loc":{"start":{"line":49,"column":2},"end":{"line":60,"column":3}},"type":"if","locations":[{"start":{"line":49,"column":2},"end":{"line":60,"column":3}},{"start":{"line":49,"column":2},"end":{"line":60,"column":3}}],"line":49},"9":{"loc":{"start":{"line":51,"column":24},"end":{"line":51,"column":53}},"type":"cond-expr","locations":[{"start":{"line":51,"column":43},"end":{"line":51,"column":48}},{"start":{"line":51,"column":51},"end":{"line":51,"column":53}}],"line":51},"10":{"loc":{"start":{"line":56,"column":12},"end":{"line":56,"column":34}},"type":"cond-expr","locations":[{"start":{"line":56,"column":19},"end":{"line":56,"column":29}},{"start":{"line":56,"column":32},"end":{"line":56,"column":34}}],"line":56},"11":{"loc":{"start":{"line":59,"column":4},"end":{"line":59,"column":71}},"type":"if","locations":[{"start":{"line":59,"column":4},"end":{"line":59,"column":71}},{"start":{"line":59,"column":4},"end":{"line":59,"column":71}}],"line":59},"12":{"loc":{"start":{"line":74,"column":16},"end":{"line":74,"column":33}},"type":"binary-expr","locations":[{"start":{"line":74,"column":16},"end":{"line":74,"column":27}},{"start":{"line":74,"column":31},"end":{"line":74,"column":33}}],"line":74},"13":{"loc":{"start":{"line":76,"column":2},"end":{"line":76,"column":61}},"type":"if","locations":[{"start":{"line":76,"column":2},"end":{"line":76,"column":61}},{"start":{"line":76,"column":2},"end":{"line":76,"column":61}}],"line":76},"14":{"loc":{"start":{"line":84,"column":2},"end":{"line":92,"column":3}},"type":"if","locations":[{"start":{"line":84,"column":2},"end":{"line":92,"column":3}},{"start":{"line":84,"column":2},"end":{"line":92,"column":3}}],"line":84},"15":{"loc":{"start":{"line":123,"column":30},"end":{"line":123,"column":70}},"type":"binary-expr","locations":[{"start":{"line":123,"column":30},"end":{"line":123,"column":37}},{"start":{"line":123,"column":40},"end":{"line":123,"column":70}}],"line":123},"16":{"loc":{"start":{"line":126,"column":4},"end":{"line":129,"column":77}},"type":"if","locations":[{"start":{"line":126,"column":4},"end":{"line":129,"column":77}},{"start":{"line":126,"column":4},"end":{"line":129,"column":77}}],"line":126},"17":{"loc":{"start":{"line":126,"column":8},"end":{"line":126,"column":35}},"type":"binary-expr","locations":[{"start":{"line":126,"column":8},"end":{"line":126,"column":12}},{"start":{"line":126,"column":16},"end":{"line":126,"column":25}},{"start":{"line":126,"column":29},"end":{"line":126,"column":35}}],"line":126},"18":{"loc":{"start":{"line":127,"column":9},"end":{"line":129,"column":77}},"type":"if","locations":[{"start":{"line":127,"column":9},"end":{"line":129,"column":77}},{"start":{"line":127,"column":9},"end":{"line":129,"column":77}}],"line":127},"19":{"loc":{"start":{"line":127,"column":13},"end":{"line":127,"column":39}},"type":"binary-expr","locations":[{"start":{"line":127,"column":13},"end":{"line":127,"column":17}},{"start":{"line":127,"column":21},"end":{"line":127,"column":29}},{"start":{"line":127,"column":33},"end":{"line":127,"column":39}}],"line":127},"20":{"loc":{"start":{"line":128,"column":9},"end":{"line":129,"column":77}},"type":"if","locations":[{"start":{"line":128,"column":9},"end":{"line":129,"column":77}},{"start":{"line":128,"column":9},"end":{"line":129,"column":77}}],"line":128},"21":{"loc":{"start":{"line":128,"column":13},"end":{"line":128,"column":39}},"type":"binary-expr","locations":[{"start":{"line":128,"column":13},"end":{"line":128,"column":17}},{"start":{"line":128,"column":21},"end":{"line":128,"column":30}},{"start":{"line":128,"column":34},"end":{"line":128,"column":39}}],"line":128},"22":{"loc":{"start":{"line":129,"column":9},"end":{"line":129,"column":77}},"type":"if","locations":[{"start":{"line":129,"column":9},"end":{"line":129,"column":77}},{"start":{"line":129,"column":9},"end":{"line":129,"column":77}}],"line":129},"23":{"loc":{"start":{"line":129,"column":13},"end":{"line":129,"column":38}},"type":"binary-expr","locations":[{"start":{"line":129,"column":13},"end":{"line":129,"column":17}},{"start":{"line":129,"column":21},"end":{"line":129,"column":29}},{"start":{"line":129,"column":33},"end":{"line":129,"column":38}}],"line":129}},"s":{"0":1,"1":1,"2":1,"3":1,"4":1,"5":1,"6":18,"7":18,"8":18,"9":0,"10":1,"11":2,"12":20,"13":20,"14":1,"15":8,"16":1,"17":8,"18":8,"19":8,"20":1,"21":2,"22":20,"23":1,"24":2,"25":20,"26":1,"27":6,"28":6,"29":6,"30":1,"31":6,"32":30,"33":1,"34":27,"35":27,"36":26,"37":1,"38":26,"39":1,"40":60,"41":60,"42":55,"43":55,"44":55,"45":55,"46":55,"47":55,"48":34,"49":60,"50":1,"51":27,"52":26,"53":26,"54":26,"55":1,"56":26,"57":26,"58":25,"59":20,"60":5,"61":1,"62":8,"63":8,"64":7,"65":6,"66":6,"67":6,"68":5,"69":1,"70":1,"71":1,"72":2,"73":2,"74":2,"75":2,"76":1,"77":2,"78":2,"79":2,"80":2,"81":1,"82":1,"83":1,"84":1,"85":10,"86":1,"87":1,"88":1,"89":7,"90":7,"91":7,"92":7,"93":4,"94":3,"95":1,"96":2,"97":1,"98":1,"99":1,"100":5,"101":2,"102":1},"f":{"0":18,"1":18,"2":18,"3":0,"4":2,"5":20,"6":8,"7":8,"8":8,"9":8,"10":2,"11":20,"12":2,"13":20,"14":6,"15":6,"16":6,"17":6,"18":30,"19":27,"20":27,"21":26,"22":26,"23":60,"24":27,"25":26,"26":8,"27":2,"28":2,"29":1,"30":10,"31":7},"b":{"0":[18,2],"1":[5,3],"2":[1,7],"3":[6,1],"4":[0,6],"5":[0,26],"6":[26,5],"7":[60,26],"8":[55,5],"9":[34,21],"10":[50,5],"11":[34,21],"12":[26,6],"13":[20,5],"14":[6,1],"15":[7,1],"16":[4,3],"17":[7,7,5],"18":[1,2],"19":[3,3,2],"20":[1,1],"21":[2,2,1],"22":[1,0],"23":[1,1,1]},"_coverageSchema":"332fd63041d2c1bcb487cc26dd0d5f7d97098a6c","hash":"f660b62338152726c575498c315f4e1dad4db910"}
}
