TN:
SF:C:\Users\YulissaLiliana\Documents\lim20181-Track-FE-markdown-list\lib\index.js
FN:7,(anonymous_0)
FN:8,(anonymous_1)
FN:10,(anonymous_2)
FN:11,(anonymous_3)
FN:16,(anonymous_4)
FN:27,(anonymous_5)
FN:41,(anonymous_6)
FN:42,(anonymous_7)
FN:54,(anonymous_8)
FN:54,(anonymous_9)
FN:55,(anonymous_10)
FN:58,(anonymous_11)
FN:69,(anonymous_12)
FN:70,(anonymous_13)
FN:73,(anonymous_14)
FN:74,(anonymous_15)
FN:78,(anonymous_16)
FN:90,(anonymous_17)
FN:109,(anonymous_18)
FN:109,(anonymous_19)
FN:112,(anonymous_20)
FN:112,(anonymous_21)
FN:113,(anonymous_22)
FN:118,(anonymous_23)
FN:118,(anonymous_24)
FN:119,(anonymous_25)
FN:124,(anonymous_26)
FN:128,(anonymous_27)
FN:133,(anonymous_28)
FN:151,(anonymous_29)
FN:155,(anonymous_30)
FN:164,(anonymous_31)
FNF:32
FNH:31
FNDA:20,(anonymous_0)
FNDA:20,(anonymous_1)
FNDA:20,(anonymous_2)
FNDA:0,(anonymous_3)
FNDA:20,(anonymous_4)
FNDA:20,(anonymous_5)
FNDA:2,(anonymous_6)
FNDA:20,(anonymous_7)
FNDA:5,(anonymous_8)
FNDA:5,(anonymous_9)
FNDA:5,(anonymous_10)
FNDA:2,(anonymous_11)
FNDA:2,(anonymous_12)
FNDA:20,(anonymous_13)
FNDA:2,(anonymous_14)
FNDA:20,(anonymous_15)
FNDA:2,(anonymous_16)
FNDA:5,(anonymous_17)
FNDA:5,(anonymous_18)
FNDA:35,(anonymous_19)
FNDA:5,(anonymous_20)
FNDA:5,(anonymous_21)
FNDA:5,(anonymous_22)
FNDA:20,(anonymous_23)
FNDA:20,(anonymous_24)
FNDA:20,(anonymous_25)
FNDA:20,(anonymous_26)
FNDA:5,(anonymous_27)
FNDA:50,(anonymous_28)
FNDA:1,(anonymous_29)
FNDA:10,(anonymous_30)
FNDA:4,(anonymous_31)
DA:1,1
DA:2,1
DA:3,1
DA:4,1
DA:5,1
DA:7,1
DA:8,20
DA:9,20
DA:10,20
DA:11,0
DA:16,1
DA:17,20
DA:18,20
DA:19,20
DA:20,20
DA:21,20
DA:23,0
DA:27,1
DA:28,20
DA:29,20
DA:30,20
DA:31,20
DA:32,15
DA:34,5
DA:36,0
DA:41,1
DA:42,2
DA:43,20
DA:44,20
DA:45,20
DA:47,0
DA:50,2
DA:54,5
DA:55,5
DA:58,1
DA:59,2
DA:60,2
DA:61,2
DA:62,2
DA:63,2
DA:65,0
DA:69,1
DA:70,20
DA:73,1
DA:74,20
DA:78,1
DA:79,2
DA:80,2
DA:81,2
DA:82,2
DA:83,2
DA:85,0
DA:90,1
DA:91,5
DA:92,5
DA:93,5
DA:94,5
DA:95,5
DA:96,5
DA:97,5
DA:98,5
DA:100,0
DA:101,0
DA:104,0
DA:109,35
DA:112,5
DA:113,5
DA:118,20
DA:119,20
DA:124,20
DA:128,5
DA:133,1
DA:134,50
DA:135,50
DA:136,50
DA:137,50
DA:138,50
DA:139,50
DA:140,50
DA:145,50
DA:147,50
DA:151,1
DA:152,1
DA:153,1
DA:154,1
DA:155,10
DA:156,1
DA:157,1
DA:159,0
DA:164,1
DA:165,4
DA:166,4
DA:167,4
DA:168,1
DA:169,3
DA:170,1
DA:171,2
DA:172,1
DA:173,1
DA:174,1
DA:176,4
DA:179,1
LF:102
LH:92
BRDA:29,0,0,20
BRDA:29,0,1,5
BRDA:31,1,0,15
BRDA:31,1,1,5
BRDA:44,2,0,20
BRDA:44,2,1,0
BRDA:55,3,0,0
BRDA:55,3,1,5
BRDA:55,4,0,5
BRDA:55,4,1,0
BRDA:94,5,0,5
BRDA:94,5,1,0
BRDA:113,6,0,0
BRDA:113,6,1,5
BRDA:119,7,0,0
BRDA:119,7,1,20
BRDA:124,8,0,20
BRDA:124,8,1,0
BRDA:128,9,0,5
BRDA:128,9,1,0
BRDA:134,10,0,50
BRDA:134,10,1,20
BRDA:135,11,0,50
BRDA:135,11,1,0
BRDA:137,12,0,30
BRDA:137,12,1,20
BRDA:142,13,0,50
BRDA:142,13,1,0
BRDA:145,14,0,30
BRDA:145,14,1,20
BRDA:165,15,0,4
BRDA:165,15,1,0
BRDA:167,16,0,1
BRDA:167,16,1,3
BRDA:167,17,0,4
BRDA:167,17,1,4
BRDA:167,17,2,2
BRDA:169,18,0,1
BRDA:169,18,1,2
BRDA:169,19,0,3
BRDA:169,19,1,3
BRDA:169,19,2,2
BRDA:171,20,0,1
BRDA:171,20,1,1
BRDA:171,21,0,2
BRDA:171,21,1,2
BRDA:171,21,2,1
BRDA:173,22,0,1
BRDA:173,22,1,0
BRDA:173,23,0,1
BRDA:173,23,1,1
BRDA:173,23,2,1
BRF:52
BRH:40
end_of_record
TN:
SF:C:\Users\YulissaLiliana\Documents\lim20181-Track-FE-markdown-list\test\fixtures.js
FNF:0
FNH:0
DA:2,1
DA:232,1
LF:2
LH:2
BRF:0
BRH:0
end_of_record
