TN:
SF:C:\Users\YulissaLiliana\Documents\lim20181-Track-FE-markdown-list\lib\index.js
FN:8,(anonymous_0)
FN:8,(anonymous_1)
FN:9,(anonymous_2)
FN:10,(anonymous_3)
FN:13,(anonymous_4)
FN:14,(anonymous_5)
FN:20,(anonymous_6)
FN:23,(anonymous_7)
FN:23,(anonymous_8)
FN:24,(anonymous_9)
FN:27,(anonymous_10)
FN:27,(anonymous_11)
FN:30,(anonymous_12)
FN:30,(anonymous_13)
FN:33,(anonymous_14)
FN:33,(anonymous_15)
FN:34,(anonymous_16)
FN:37,(anonymous_17)
FN:37,(anonymous_18)
FN:40,(anonymous_19)
FN:40,(anonymous_20)
FN:41,(anonymous_21)
FN:44,(anonymous_22)
FN:47,(anonymous_23)
FN:65,(anonymous_24)
FN:73,(anonymous_25)
FN:81,(anonymous_26)
FN:96,(anonymous_27)
FN:104,(anonymous_28)
FN:112,(anonymous_29)
FN:115,(anonymous_30)
FN:122,(anonymous_31)
FNF:32
FNH:31
FNDA:18,(anonymous_0)
FNDA:18,(anonymous_1)
FNDA:18,(anonymous_2)
FNDA:0,(anonymous_3)
FNDA:2,(anonymous_4)
FNDA:20,(anonymous_5)
FNDA:8,(anonymous_6)
FNDA:8,(anonymous_7)
FNDA:8,(anonymous_8)
FNDA:8,(anonymous_9)
FNDA:2,(anonymous_10)
FNDA:20,(anonymous_11)
FNDA:2,(anonymous_12)
FNDA:20,(anonymous_13)
FNDA:6,(anonymous_14)
FNDA:6,(anonymous_15)
FNDA:6,(anonymous_16)
FNDA:6,(anonymous_17)
FNDA:30,(anonymous_18)
FNDA:27,(anonymous_19)
FNDA:27,(anonymous_20)
FNDA:26,(anonymous_21)
FNDA:26,(anonymous_22)
FNDA:60,(anonymous_23)
FNDA:27,(anonymous_24)
FNDA:26,(anonymous_25)
FNDA:8,(anonymous_26)
FNDA:2,(anonymous_27)
FNDA:2,(anonymous_28)
FNDA:1,(anonymous_29)
FNDA:10,(anonymous_30)
FNDA:7,(anonymous_31)
DA:1,1
DA:2,1
DA:3,1
DA:4,1
DA:5,1
DA:8,18
DA:9,18
DA:10,0
DA:13,1
DA:14,2
DA:15,20
DA:16,20
DA:20,8
DA:23,8
DA:24,8
DA:27,20
DA:30,20
DA:33,6
DA:34,6
DA:37,30
DA:40,27
DA:41,27
DA:44,26
DA:47,1
DA:48,60
DA:49,60
DA:50,55
DA:51,55
DA:52,55
DA:53,55
DA:54,55
DA:59,55
DA:61,60
DA:65,1
DA:66,27
DA:67,26
DA:68,26
DA:69,26
DA:73,1
DA:74,26
DA:75,26
DA:76,25
DA:77,5
DA:81,1
DA:82,8
DA:83,8
DA:84,7
DA:85,6
DA:86,6
DA:87,6
DA:88,5
DA:90,1
DA:91,1
DA:96,1
DA:97,2
DA:98,2
DA:99,2
DA:100,2
DA:104,1
DA:105,2
DA:106,2
DA:107,2
DA:108,2
DA:112,1
DA:113,1
DA:114,1
DA:115,10
DA:116,1
DA:117,1
DA:122,1
DA:123,7
DA:124,7
DA:125,7
DA:126,7
DA:127,3
DA:128,2
DA:129,1
DA:130,5
DA:132,2
DA:136,1
LF:80
LH:79
BRDA:15,0,0,18
BRDA:15,0,1,2
BRDA:20,1,0,5
BRDA:20,1,1,3
BRDA:24,2,0,1
BRDA:24,2,1,7
BRDA:24,3,0,6
BRDA:24,3,1,1
BRDA:34,4,0,0
BRDA:34,4,1,6
BRDA:41,5,0,0
BRDA:41,5,1,26
BRDA:44,6,0,26
BRDA:44,6,1,5
BRDA:48,7,0,60
BRDA:48,7,1,26
BRDA:49,8,0,55
BRDA:49,8,1,5
BRDA:51,9,0,34
BRDA:51,9,1,21
BRDA:56,10,0,50
BRDA:56,10,1,5
BRDA:59,11,0,34
BRDA:59,11,1,21
BRDA:74,12,0,26
BRDA:74,12,1,6
BRDA:76,13,0,20
BRDA:76,13,1,5
BRDA:84,14,0,6
BRDA:84,14,1,1
BRDA:123,15,0,7
BRDA:123,15,1,1
BRDA:126,16,0,4
BRDA:126,16,1,3
BRDA:126,17,0,7
BRDA:126,17,1,7
BRDA:126,17,2,5
BRDA:127,18,0,1
BRDA:127,18,1,2
BRDA:127,19,0,3
BRDA:127,19,1,3
BRDA:127,19,2,2
BRDA:128,20,0,1
BRDA:128,20,1,1
BRDA:128,21,0,2
BRDA:128,21,1,2
BRDA:128,21,2,1
BRDA:129,22,0,1
BRDA:129,22,1,0
BRDA:129,23,0,1
BRDA:129,23,1,1
BRDA:129,23,2,1
BRF:52
BRH:49
end_of_record
